<?xml version="1.0" encoding="UTF-8"?>
<testsuite name="net.absoft.mortalwombat.AgeCheckerTest" tests="1" skipped="0" failures="0" errors="0" timestamp="2023-02-15T11:03:56" hostname="NB927" time="0.005">
  <properties/>
  <testcase name="testAgedUserCanPlay" classname="net.absoft.mortalwombat.AgeCheckerTest" time="0.005"/>
  <system-out><![CDATA[]]></system-out>
  <system-err><![CDATA[]]></system-err>
</testsuite>
