<?xml version="1.0" encoding="UTF-8"?>
<testsuite name="net.absoft.mortalwombat.AgeCheckerTest" tests="2" skipped="0" failures="0" errors="0" timestamp="2023-02-15T12:43:11" hostname="NB927" time="0.009">
  <properties/>
  <testcase name="testAgedUserCanPlay" classname="net.absoft.mortalwombat.AgeCheckerTest" time="0.005"/>
  <testcase name="testThatTooYoungUsersCanNotPlay" classname="net.absoft.mortalwombat.AgeCheckerTest" time="0.001"/>
  <system-out><![CDATA[]]></system-out>
  <system-err><![CDATA[]]></system-err>
</testsuite>
